Determining if the pthread_create exist failed with the following output:
Change Dir: /home/bshantam97/PIDController/PID-Controller/CMakeFiles/CMakeTmp

Run Build Command:"/usr/bin/make" "cmTC_4803e/fast"
/usr/bin/make -f CMakeFiles/cmTC_4803e.dir/build.make CMakeFiles/cmTC_4803e.dir/build
make[1]: Entering directory '/home/bshantam97/PIDController/PID-Controller/CMakeFiles/CMakeTmp'
Building C object CMakeFiles/cmTC_4803e.dir/CheckSymbolExists.c.o
/usr/bin/cc     -o CMakeFiles/cmTC_4803e.dir/CheckSymbolExists.c.o   -c /home/bshantam97/PIDController/PID-Controller/CMakeFiles/CMakeTmp/CheckSymbolExists.c
Linking C executable cmTC_4803e
/usr/bin/cmake -E cmake_link_script CMakeFiles/cmTC_4803e.dir/link.txt --verbose=1
/usr/bin/cc       CMakeFiles/cmTC_4803e.dir/CheckSymbolExists.c.o  -o cmTC_4803e -rdynamic 
CMakeFiles/cmTC_4803e.dir/CheckSymbolExists.c.o: In function `main':
CheckSymbolExists.c:(.text+0x16): undefined reference to `pthread_create'
collect2: error: ld returned 1 exit status
CMakeFiles/cmTC_4803e.dir/build.make:97: recipe for target 'cmTC_4803e' failed
make[1]: *** [cmTC_4803e] Error 1
make[1]: Leaving directory '/home/bshantam97/PIDController/PID-Controller/CMakeFiles/CMakeTmp'
Makefile:126: recipe for target 'cmTC_4803e/fast' failed
make: *** [cmTC_4803e/fast] Error 2

File /home/bshantam97/PIDController/PID-Controller/CMakeFiles/CMakeTmp/CheckSymbolExists.c:
/* */
#include <pthread.h>

int main(int argc, char** argv)
{
  (void)argv;
#ifndef pthread_create
  return ((int*)(&pthread_create))[argc];
#else
  (void)argc;
  return 0;
#endif
}

Determining if the function pthread_create exists in the pthreads failed with the following output:
Change Dir: /home/bshantam97/PIDController/PID-Controller/CMakeFiles/CMakeTmp

Run Build Command:"/usr/bin/make" "cmTC_7883f/fast"
/usr/bin/make -f CMakeFiles/cmTC_7883f.dir/build.make CMakeFiles/cmTC_7883f.dir/build
make[1]: Entering directory '/home/bshantam97/PIDController/PID-Controller/CMakeFiles/CMakeTmp'
Building C object CMakeFiles/cmTC_7883f.dir/CheckFunctionExists.c.o
/usr/bin/cc    -DCHECK_FUNCTION_EXISTS=pthread_create   -o CMakeFiles/cmTC_7883f.dir/CheckFunctionExists.c.o   -c /usr/share/cmake-3.5/Modules/CheckFunctionExists.c
Linking C executable cmTC_7883f
/usr/bin/cmake -E cmake_link_script CMakeFiles/cmTC_7883f.dir/link.txt --verbose=1
/usr/bin/cc   -DCHECK_FUNCTION_EXISTS=pthread_create    CMakeFiles/cmTC_7883f.dir/CheckFunctionExists.c.o  -o cmTC_7883f -rdynamic -lpthreads 
/usr/bin/ld: cannot find -lpthreads
collect2: error: ld returned 1 exit status
CMakeFiles/cmTC_7883f.dir/build.make:97: recipe for target 'cmTC_7883f' failed
make[1]: *** [cmTC_7883f] Error 1
make[1]: Leaving directory '/home/bshantam97/PIDController/PID-Controller/CMakeFiles/CMakeTmp'
Makefile:126: recipe for target 'cmTC_7883f/fast' failed
make: *** [cmTC_7883f/fast] Error 2


